{
  "stats": {
    "suites": 1,
    "tests": 10,
    "passes": 8,
    "pending": 2,
    "failures": 0,
    "testsRegistered": 10,
    "passPercent": 80,
    "pendingPercent": 20,
    "other": 0,
    "hasOther": false,
    "skipped": 0,
    "hasSkipped": false,
    "start": "2023-07-11T09:08:50.850Z",
    "end": "2023-07-11T09:08:54.733Z",
    "duration": 3883
  },
  "results": [
    {
      "uuid": "31ab447c-7806-446d-8a67-7b1c435c37da",
      "title": "",
      "fullFile": "cypress\\e2e\\users_and_contacts.cy.js",
      "file": "cypress\\e2e\\users_and_contacts.cy.js",
      "beforeHooks": [],
      "afterHooks": [],
      "tests": [],
      "suites": [
        {
          "uuid": "760cd117-17dd-40d1-aa8e-07aa46b98f26",
          "title": "Contact List App",
          "fullFile": "",
          "file": "",
          "beforeHooks": [],
          "afterHooks": [],
          "tests": [],
          "suites": [
            {
              "uuid": "90bbf7a5-9ece-4380-86a8-3d1405e1e2c2",
              "title": "Users - API tests",
              "fullFile": "",
              "file": "",
              "beforeHooks": [],
              "afterHooks": [],
              "tests": [
                {
                  "title": "POST - Log In User",
                  "fullTitle": "Contact List App Users - API tests POST - Log In User",
                  "timedOut": null,
                  "duration": 1042,
                  "state": "passed",
                  "speed": "fast",
                  "pass": true,
                  "fail": false,
                  "pending": false,
                  "context": null,
                  "code": "cy.logInUser(this.email).then(response => {\n  expect(response.status).is.eq(200);\n  expect(response.statusText).is.eq('OK');\n  expect(response.body.user).to.have.property('_id');\n  expect(response.requestHeaders['content-type']).is.eq('application/json');\n  expect(response.requestHeaders.cookie).is.eq(`token=${this.token}`);\n});",
                  "err": {},
                  "uuid": "6b94f2ba-c5a9-41a9-9eec-439e093eb5fe",
                  "parentUUID": "90bbf7a5-9ece-4380-86a8-3d1405e1e2c2",
                  "isHook": false,
                  "skipped": false
                },
                {
                  "title": "GET - Get User Profile",
                  "fullTitle": "Contact List App Users - API tests GET - Get User Profile",
                  "timedOut": null,
                  "duration": 175,
                  "state": "passed",
                  "speed": "fast",
                  "pass": true,
                  "fail": false,
                  "pending": false,
                  "context": null,
                  "code": "cy.api({\n  method: 'GET',\n  url: '/users/me',\n  headers: {\n    Authorization: `Bearer ${this.token}`\n  }\n}).then(response => {\n  expect(response.status).is.eq(200);\n  expect(response.statusText).is.eq('OK');\n  expect(response.body).to.have.all.keys('_id', 'firstName', 'lastName', 'email', '__v');\n  expect(response.body.email).is.eq(this.email);\n});",
                  "err": {},
                  "uuid": "976cac97-0242-41ea-9608-030655746fdf",
                  "parentUUID": "90bbf7a5-9ece-4380-86a8-3d1405e1e2c2",
                  "isHook": false,
                  "skipped": false
                },
                {
                  "title": "PATCH - Update User",
                  "fullTitle": "Contact List App Users - API tests PATCH - Update User",
                  "timedOut": null,
                  "duration": 203,
                  "state": "passed",
                  "speed": "fast",
                  "pass": true,
                  "fail": false,
                  "pending": false,
                  "context": null,
                  "code": "const updatedUser = {\n  \"firstName\": \"1NewFirst\",\n  \"lastName\": \"1NewLast\",\n  \"email\": \"1newemail@test.com\",\n  \"password\": \"1NewPassword\"\n};\ncy.api({\n  method: 'PATCH',\n  url: '/users/me',\n  headers: {\n    Authorization: `Bearer ${this.token}`\n  },\n  body: updatedUser\n}).then(response => {\n  expect(response.status).is.eq(200);\n  expect(response.statusText).is.eq('OK');\n  expect(response.body).to.have.all.keys('_id', 'firstName', 'lastName', 'email', '__v');\n  expect(response.body.email).is.eq(updatedUser.email);\n  expect(response.body.firstName).is.eq(updatedUser.firstName);\n  expect(response.body.lastName).is.eq(updatedUser.lastName);\n});",
                  "err": {},
                  "uuid": "f5923c39-6f01-42bc-8a49-5e8746f79bb6",
                  "parentUUID": "90bbf7a5-9ece-4380-86a8-3d1405e1e2c2",
                  "isHook": false,
                  "skipped": false
                },
                {
                  "title": "DELETE - Delete User",
                  "fullTitle": "Contact List App Users - API tests DELETE - Delete User",
                  "timedOut": null,
                  "duration": 169,
                  "state": "passed",
                  "speed": "fast",
                  "pass": true,
                  "fail": false,
                  "pending": false,
                  "context": null,
                  "code": "cy.api({\n  method: 'DELETE',\n  url: '/users/me',\n  headers: {\n    Authorization: `Bearer ${this.token}`\n  }\n});",
                  "err": {},
                  "uuid": "0f4884ef-39c7-4387-974e-2dec431828f8",
                  "parentUUID": "90bbf7a5-9ece-4380-86a8-3d1405e1e2c2",
                  "isHook": false,
                  "skipped": false
                },
                {
                  "title": "POST - Log Out User",
                  "fullTitle": "Contact List App Users - API tests POST - Log Out User",
                  "timedOut": null,
                  "duration": 529,
                  "state": "passed",
                  "speed": "fast",
                  "pass": true,
                  "fail": false,
                  "pending": false,
                  "context": null,
                  "code": "cy.addUser().then(response => {\n  cy.wrap(response.body.user.email).as('email');\n  cy.wrap(response.body.token).as('token');\n  expect(response.status).is.eq(201);\n  expect(response.statusText).is.eq('Created');\n});\ncy.get('@email').then(email => {\n  cy.logInUser(email).then(response => {\n    expect(response.status).is.eq(200);\n  });\n});\ncy.get('@token').then(token => {\n  cy.api({\n    method: 'POST',\n    url: '/users/logout',\n    headers: {\n      Authorization: `Bearer ${token}`\n    }\n  }).then(response => {\n    expect(response.status).is.eq(200);\n    expect(response.statusText).is.eq('OK');\n  });\n});",
                  "err": {},
                  "uuid": "887fe3dd-bc57-430b-8de0-c063440dc61b",
                  "parentUUID": "90bbf7a5-9ece-4380-86a8-3d1405e1e2c2",
                  "isHook": false,
                  "skipped": false
                }
              ],
              "suites": [],
              "passes": [
                "6b94f2ba-c5a9-41a9-9eec-439e093eb5fe",
                "976cac97-0242-41ea-9608-030655746fdf",
                "f5923c39-6f01-42bc-8a49-5e8746f79bb6",
                "0f4884ef-39c7-4387-974e-2dec431828f8",
                "887fe3dd-bc57-430b-8de0-c063440dc61b"
              ],
              "failures": [],
              "pending": [],
              "skipped": [],
              "duration": 2118,
              "root": false,
              "rootEmpty": false,
              "_timeout": 2000
            },
            {
              "uuid": "40d9f9c0-cf39-4ee4-8cb8-2b08487630ca",
              "title": "Contacts - API and UI tests",
              "fullFile": "",
              "file": "",
              "beforeHooks": [],
              "afterHooks": [],
              "tests": [
                {
                  "title": "POST - Add Contact",
                  "fullTitle": "Contact List App Contacts - API and UI tests POST - Add Contact",
                  "timedOut": null,
                  "duration": 1302,
                  "state": "passed",
                  "speed": "fast",
                  "pass": true,
                  "fail": false,
                  "pending": false,
                  "context": null,
                  "code": "cy.addContact(this.token).then(({\n  status,\n  statusText,\n  body\n}) => {\n  expect(status).is.eq(201);\n  expect(statusText).is.eq('Created');\n  expect(body).to.have.property('_id');\n  expect(body).to.have.property('owner');\n  expect(body.email).is.eq('roman@doman.com');\n  expect(body.lastName).is.eq('Doman');\n  expect(body.firstName).is.eq('Roman');\n  cy.wrap(body.email).as('responseEmail');\n  cy.wrap(body.firstName).as('responseFirstName');\n  cy.wrap(body.lastName).as('responseLastName');\n});\ncy.visit('/contactList/');\ncy.get('#myTable').should('exist');\ncy.get('#myTable > thead > tr > th').then(headers => {\n  headers.each((index, $el) => {\n    cy.wrap($el).invoke('text').then(text => {\n      expect(text).to.be.oneOf(['Name', 'Birthdate', 'Email', 'Phone', 'Address', 'City, State/Province, Postal Code', 'Country']);\n    });\n  });\n});\ncy.get('.contactTableBodyRow > :nth-child(4)').last().invoke('text').then(text => {\n  expect(text).is.eq(this.responseEmail);\n});\ncy.get('.contactTableBodyRow > :nth-child(2)').last().invoke('text').then(text => {\n  expect(text).is.eq(`${this.responseFirstName} ${this.responseLastName}`);\n});",
                  "err": {},
                  "uuid": "41ff7f5d-29d5-4b9f-8eb1-8d66a7d327a8",
                  "parentUUID": "40d9f9c0-cf39-4ee4-8cb8-2b08487630ca",
                  "isHook": false,
                  "skipped": false
                },
                {
                  "title": "GET - Get Contact List",
                  "fullTitle": "Contact List App Contacts - API and UI tests GET - Get Contact List",
                  "timedOut": null,
                  "duration": 200,
                  "state": "passed",
                  "speed": "fast",
                  "pass": true,
                  "fail": false,
                  "pending": false,
                  "context": null,
                  "code": "cy.api({\n  method: 'GET',\n  url: '/contacts/',\n  headers: {\n    Authorization: this.token\n  }\n}).then(({\n  status,\n  statusText,\n  body\n}) => {\n  expect(status).is.eq(200);\n  expect(statusText).is.eq('OK');\n  expect(body.length).to.be.gt(0);\n  expect(body[0]).to.have.all.keys('_id', 'firstName', 'lastName', 'birthdate', 'email', 'phone', 'street1', 'street2', 'city', 'stateProvince', 'postalCode', 'country', 'owner', '__v');\n});",
                  "err": {},
                  "uuid": "47571aae-239e-45d7-88d8-d0fc2208690d",
                  "parentUUID": "40d9f9c0-cf39-4ee4-8cb8-2b08487630ca",
                  "isHook": false,
                  "skipped": false
                },
                {
                  "title": "GET - Get Contact",
                  "fullTitle": "Contact List App Contacts - API and UI tests GET - Get Contact",
                  "timedOut": null,
                  "duration": 213,
                  "state": "passed",
                  "speed": "fast",
                  "pass": true,
                  "fail": false,
                  "pending": false,
                  "context": null,
                  "code": "cy.api({\n  method: 'GET',\n  url: '/contacts/',\n  headers: {\n    Authorization: this.token\n  }\n}).then(({\n  body,\n  status\n}) => {\n  expect(status).is.eq(200);\n  expect(body[0].email).is.eq('roman@doman.com');\n  expect(body[0].lastName).is.eq('Doman');\n  expect(body[0].firstName).is.eq('Roman');\n});",
                  "err": {},
                  "uuid": "f42b97fd-1be9-452b-90b9-ca25b38c8b6a",
                  "parentUUID": "40d9f9c0-cf39-4ee4-8cb8-2b08487630ca",
                  "isHook": false,
                  "skipped": false
                },
                {
                  "title": "PUT - Update Contact",
                  "fullTitle": "Contact List App Contacts - API and UI tests PUT - Update Contact",
                  "timedOut": null,
                  "duration": 0,
                  "state": "pending",
                  "speed": null,
                  "pass": false,
                  "fail": false,
                  "pending": true,
                  "context": null,
                  "code": "const updatedBody = {\n  \"firstName\": \"Olek\",\n  \"lastName\": \"Bolek\",\n  \"birthdate\": \"1982-02-02\",\n  \"email\": \"olek@bolek.com\",\n  \"phone\": \"1212121212\",\n  \"street1\": \"22 Gain av.\",\n  \"street2\": \"Apartment X\",\n  \"city\": \"Village\",\n  \"stateProvince\": \"QC\",\n  \"postalCode\": \"12345\",\n  \"country\": \"USA\"\n};\ncy.api({\n  method: 'PUT',\n  url: '/contacts/',\n  body: updatedBody,\n  headers: {\n    Authorization: this.token\n  }\n}).then(({\n  status,\n  statusText\n}) => {\n  expect(status).is.eq(200);\n  expect(statusText).is.eq('OK');\n});\ncy.visit('/contactList/');\ncy.get('.contactTableBodyRow > :nth-child(4)').last().invoke('text').then(text => {\n  expect(text).is.eq(updatedBody.email);\n});\ncy.get('.contactTableBodyRow > :nth-child(2)').last().invoke('text').then(text => {\n  expect(text).is.eq(`${updatedBody.firstName} ${updatedBody.lastName}`);\n});",
                  "err": {},
                  "uuid": "494284be-d3f6-4c76-ae34-0fb01e238b2e",
                  "parentUUID": "40d9f9c0-cf39-4ee4-8cb8-2b08487630ca",
                  "isHook": false,
                  "skipped": false
                },
                {
                  "title": "PATCH - Update Contact",
                  "fullTitle": "Contact List App Contacts - API and UI tests PATCH - Update Contact",
                  "timedOut": null,
                  "duration": 0,
                  "state": "pending",
                  "speed": null,
                  "pass": false,
                  "fail": false,
                  "pending": true,
                  "context": null,
                  "code": "const updatedBody = {\n  \"firstName\": \"Zula\",\n  \"lastName\": \"Badula\"\n};\ncy.api({\n  method: 'PATCH',\n  url: '/contacts/',\n  body: updatedBody,\n  headers: {\n    Authorization: this.token\n  }\n}).then(({\n  status,\n  statusText\n}) => {\n  expect(status).is.eq(200);\n  expect(statusText).is.eq('OK');\n});\ncy.visit('/contactList/');\ncy.get('.contactTableBodyRow > :nth-child(2)').last().invoke('text').then(text => {\n  expect(text).is.eq(`${updatedBody.firstName} ${updatedBody.lastName}`);\n});",
                  "err": {},
                  "uuid": "ac6b61c8-b180-4ba2-a6a6-8534fe8dbee3",
                  "parentUUID": "40d9f9c0-cf39-4ee4-8cb8-2b08487630ca",
                  "isHook": false,
                  "skipped": false
                }
              ],
              "suites": [],
              "passes": [
                "41ff7f5d-29d5-4b9f-8eb1-8d66a7d327a8",
                "47571aae-239e-45d7-88d8-d0fc2208690d",
                "f42b97fd-1be9-452b-90b9-ca25b38c8b6a"
              ],
              "failures": [],
              "pending": [
                "494284be-d3f6-4c76-ae34-0fb01e238b2e",
                "ac6b61c8-b180-4ba2-a6a6-8534fe8dbee3"
              ],
              "skipped": [],
              "duration": 1715,
              "root": false,
              "rootEmpty": false,
              "_timeout": 2000
            }
          ],
          "passes": [],
          "failures": [],
          "pending": [],
          "skipped": [],
          "duration": 0,
          "root": false,
          "rootEmpty": false,
          "_timeout": 2000
        }
      ],
      "passes": [],
      "failures": [],
      "pending": [],
      "skipped": [],
      "duration": 0,
      "root": true,
      "rootEmpty": true,
      "_timeout": 2000
    }
  ],
  "meta": {
    "mocha": {
      "version": "7.0.1"
    },
    "mochawesome": {
      "options": {
        "quiet": false,
        "reportFilename": "mochawesome",
        "saveHtml": false,
        "saveJson": true,
        "consoleReporter": "spec",
        "useInlineDiffs": false,
        "code": true
      },
      "version": "7.1.3"
    },
    "marge": {
      "options": {
        "reportDir": "cypress/results",
        "overwrite": false,
        "html": false,
        "json": true
      },
      "version": "6.2.0"
    }
  }
}